<?xml version="1.0" encoding="UTF-8"?>
<testng-results skipped="0" failed="0" total="1" passed="1">
  <reporter-output>
  </reporter-output>
  <suite name="Suite" duration-ms="50978" started-at="2018-10-17T05:27:07Z" finished-at="2018-10-17T05:27:58Z">
    <groups>
    </groups>
    <test name="Test" duration-ms="50978" started-at="2018-10-17T05:27:07Z" finished-at="2018-10-17T05:27:58Z">
      <class name="Testcase.Testcase_01_AppiumLocator">
        <test-method status="PASS" signature="appiumLocator()[pri:0, instance:Testcase.Testcase_01_AppiumLocator@5f2050f6]" name="appiumLocator" duration-ms="50956" started-at="2018-10-17T01:27:07Z" finished-at="2018-10-17T01:27:58Z">
          <reporter-output>
          </reporter-output>
        </test-method> <!-- appiumLocator -->
      </class> <!-- Testcase.Testcase_01_AppiumLocator -->
    </test> <!-- Test -->
  </suite> <!-- Suite -->
</testng-results>
