<?xml version="1.0" encoding="UTF-8"?>
<testng-results skipped="0" failed="0" total="1" passed="1">
  <reporter-output>
  </reporter-output>
  <suite name="Default suite" duration-ms="19274" started-at="2018-10-17T01:55:09Z" finished-at="2018-10-17T01:55:29Z">
    <groups>
    </groups>
    <test name="Default test" duration-ms="19274" started-at="2018-10-17T01:55:09Z" finished-at="2018-10-17T01:55:29Z">
      <class name="Resoruces.AppiumLocators">
        <test-method status="PASS" signature="appiumLocat()[pri:0, instance:Resoruces.AppiumLocators@7cd62f43]" name="appiumLocat" duration-ms="19254" started-at="2018-10-16T21:55:09Z" finished-at="2018-10-16T21:55:29Z">
          <reporter-output>
          </reporter-output>
        </test-method> <!-- appiumLocat -->
      </class> <!-- Resoruces.AppiumLocators -->
    </test> <!-- Default test -->
  </suite> <!-- Default suite -->
</testng-results>
